<?xml version="1.0" encoding="UTF-8"?>
<!-- Generated by org.testng.reporters.JUnitXMLReporter -->
<testsuite ignored="0" hostname="Uvarajashanmugams-MacBook-Pro.local" failures="1" tests="24" name="chromeTest" time="73.835" errors="0" timestamp="2023-03-31T15:46:20 EDT">
  <testcase classname="testCases.testCase" name="launchBrowser" time="2.99"/>
  <testcase classname="testCases.testCase" name="launchUrl" time="1.33"/>
  <testcase classname="testCases.testCase" name="homepage" time="1.666"/>
  <testcase classname="testCases.testCase" name="RegisterPage" time="4.119">
    <failure type="org.openqa.selenium.NoSuchElementException" message="no such element: Unable to locate element: {&amp;quot;method&amp;quot;:&amp;quot;xpath&amp;quot;,&amp;quot;selector&amp;quot;:&amp;quot;//a[text()=&amp;apos;Sign out&amp;apos;]&amp;quot;}
  (Session info: chrome=111.0.5563.146)
For documentation on this error, please visit: https://selenium.dev/exceptions/#no_such_element
Build info: version: &amp;apos;4.8.0&amp;apos;, revision: &amp;apos;267030adea&amp;apos;
System info: os.name: &amp;apos;Mac OS X&amp;apos;, os.arch: &amp;apos;x86_64&amp;apos;, os.version: &amp;apos;12.0.1&amp;apos;, java.version: &amp;apos;19.0.1&amp;apos;
Driver info: org.openqa.selenium.chrome.ChromeDriver
Command: [5fb2a84f7d5382d267057c340c6194b5, findElement {using=xpath, value=//a[text()=&amp;apos;Sign out&amp;apos;]}]
Capabilities {acceptInsecureCerts: false, browserName: chrome, browserVersion: 111.0.5563.146, chrome: {chromedriverVersion: 111.0.5563.64 (c710e93d5b63..., userDataDir: /var/folders/9x/bfy4ys6j4vn...}, goog:chromeOptions: {debuggerAddress: localhost:50263}, networkConnectionEnabled: false, pageLoadStrategy: normal, platformName: MAC, proxy: Proxy(), se:cdp: ws://localhost:50263/devtoo..., se:cdpVersion: 111.0.5563.146, setWindowRect: true, strictFileInteractability: false, timeouts: {implicit: 0, pageLoad: 300000, script: 30000}, unhandledPromptBehavior: dismiss and notify, webauthn:extension:credBlob: true, webauthn:extension:largeBlob: true, webauthn:extension:minPinLength: true, webauthn:extension:prf: true, webauthn:virtualAuthenticators: true}
Session ID: 5fb2a84f7d5382d267057c340c6194b5">
      <![CDATA[org.openqa.selenium.NoSuchElementException: no such element: Unable to locate element: {"method":"xpath","selector":"//a[text()='Sign out']"}
  (Session info: chrome=111.0.5563.146)
For documentation on this error, please visit: https://selenium.dev/exceptions/#no_such_element
Build info: version: '4.8.0', revision: '267030adea'
System info: os.name: 'Mac OS X', os.arch: 'x86_64', os.version: '12.0.1', java.version: '19.0.1'
Driver info: org.openqa.selenium.chrome.ChromeDriver
Command: [5fb2a84f7d5382d267057c340c6194b5, findElement {using=xpath, value=//a[text()='Sign out']}]
Capabilities {acceptInsecureCerts: false, browserName: chrome, browserVersion: 111.0.5563.146, chrome: {chromedriverVersion: 111.0.5563.64 (c710e93d5b63..., userDataDir: /var/folders/9x/bfy4ys6j4vn...}, goog:chromeOptions: {debuggerAddress: localhost:50263}, networkConnectionEnabled: false, pageLoadStrategy: normal, platformName: MAC, proxy: Proxy(), se:cdp: ws://localhost:50263/devtoo..., se:cdpVersion: 111.0.5563.146, setWindowRect: true, strictFileInteractability: false, timeouts: {implicit: 0, pageLoad: 300000, script: 30000}, unhandledPromptBehavior: dismiss and notify, webauthn:extension:credBlob: true, webauthn:extension:largeBlob: true, webauthn:extension:minPinLength: true, webauthn:extension:prf: true, webauthn:virtualAuthenticators: true}
Session ID: 5fb2a84f7d5382d267057c340c6194b5
at org.openqa.selenium.remote.codec.w3c.W3CHttpResponseCodec.createException(W3CHttpResponseCodec.java:200)
at org.openqa.selenium.remote.codec.w3c.W3CHttpResponseCodec.decode(W3CHttpResponseCodec.java:133)
at org.openqa.selenium.remote.codec.w3c.W3CHttpResponseCodec.decode(W3CHttpResponseCodec.java:53)
at org.openqa.selenium.remote.HttpCommandExecutor.execute(HttpCommandExecutor.java:184)
at org.openqa.selenium.remote.service.DriverCommandExecutor.invokeExecute(DriverCommandExecutor.java:167)
at org.openqa.selenium.remote.service.DriverCommandExecutor.execute(DriverCommandExecutor.java:142)
at org.openqa.selenium.remote.RemoteWebDriver.execute(RemoteWebDriver.java:543)
at org.openqa.selenium.remote.ElementLocation$ElementFinder$2.findElement(ElementLocation.java:162)
at org.openqa.selenium.remote.ElementLocation.findElement(ElementLocation.java:60)
at org.openqa.selenium.remote.RemoteWebDriver.findElement(RemoteWebDriver.java:352)
at org.openqa.selenium.remote.RemoteWebDriver.findElement(RemoteWebDriver.java:344)
at pageObject.RegisterPage.Register(RegisterPage.java:78)
at testCases.testCase.RegisterPage(testCase.java:73)
at java.base/java.util.ArrayList.forEach(ArrayList.java:1511)
at java.base/java.util.concurrent.FutureTask.run(FutureTask.java:317)
at java.base/java.util.concurrent.ThreadPoolExecutor.runWorker(ThreadPoolExecutor.java:1144)
at java.base/java.util.concurrent.ThreadPoolExecutor$Worker.run(ThreadPoolExecutor.java:642)
at java.base/java.lang.Thread.run(Thread.java:1589)
... Removed 19 stack frames]]>
    </failure>
  </testcase> <!-- RegisterPage -->
  <testcase classname="testCases.testCase" name="login" time="0.504"/>
  <testcase classname="testCases.testCase" name="login" time="0.462"/>
  <testcase classname="testCases.testCase" name="login" time="0.52"/>
  <testcase classname="testCases.testCase" name="login" time="0.75"/>
  <testcase classname="testCases.testCase" name="DataStructure" time="1.281"/>
  <testcase classname="testCases.testCase" name="DataStructure" time="0.657"/>
  <testcase classname="testCases.testCase" name="Array" time="3.846"/>
  <testcase classname="testCases.testCase" name="Array" time="2.571"/>
  <testcase classname="testCases.testCase" name="ArrayPQ" time="3.106"/>
  <testcase classname="testCases.testCase" name="ArrayPQ" time="2.48"/>
  <testcase classname="testCases.testCase" name="LinkedList" time="6.299"/>
  <testcase classname="testCases.testCase" name="LinkedList" time="4.145"/>
  <testcase classname="testCases.testCase" name="queue" time="3.689"/>
  <testcase classname="testCases.testCase" name="queue" time="2.536"/>
  <testcase classname="testCases.testCase" name="graph" time="2.042"/>
  <testcase classname="testCases.testCase" name="graph" time="1.502"/>
  <testcase classname="testCases.testCase" name="tree" time="12.733"/>
  <testcase classname="testCases.testCase" name="tree" time="8.097"/>
  <testcase classname="testCases.testCase" name="stack" time="2.764"/>
  <testcase classname="testCases.testCase" name="stack" time="2.053"/>
</testsuite> <!-- chromeTest -->
