<?xml version="1.0" encoding="UTF-8"?>
<!-- Generated by org.testng.reporters.JUnitXMLReporter -->
<testsuite ignored="0" hostname="Uvarajashanmugams-MacBook-Pro.local" failures="0" tests="22" name="chromeTest" time="71.986" errors="0" timestamp="2023-03-24T22:44:01 EDT">
  <testcase classname="testCases.testCase" name="launchBrowser" time="2.756"/>
  <testcase classname="testCases.testCase" name="launchUrl" time="1.291"/>
  <testcase classname="testCases.testCase" name="homepage" time="1.665"/>
  <testcase classname="testCases.testCase" name="RegisterPage" time="4.115"/>
  <testcase classname="testCases.testCase" name="login" time="0.419"/>
  <testcase classname="testCases.testCase" name="login" time="0.449"/>
  <testcase classname="testCases.testCase" name="login" time="0.432"/>
  <testcase classname="testCases.testCase" name="login" time="0.543"/>
  <testcase classname="testCases.testCase" name="DataStructure" time="1.235"/>
  <testcase classname="testCases.testCase" name="DataStructure" time="0.671"/>
  <testcase classname="testCases.testCase" name="Array" time="8.67"/>
  <testcase classname="testCases.testCase" name="Array" time="7.495"/>
  <testcase classname="testCases.testCase" name="LinkedList" time="5.753"/>
  <testcase classname="testCases.testCase" name="LinkedList" time="4.124"/>
  <testcase classname="testCases.testCase" name="queue" time="3.139"/>
  <testcase classname="testCases.testCase" name="queue" time="2.361"/>
  <testcase classname="testCases.testCase" name="graph" time="1.963"/>
  <testcase classname="testCases.testCase" name="graph" time="1.33"/>
  <testcase classname="testCases.testCase" name="tree" time="10.917"/>
  <testcase classname="testCases.testCase" name="tree" time="7.293"/>
  <testcase classname="testCases.testCase" name="stack" time="2.352"/>
  <testcase classname="testCases.testCase" name="stack" time="1.756"/>
</testsuite> <!-- chromeTest -->
