<?xml version="1.0" encoding="UTF-8"?>
<!-- Generated by org.testng.reporters.JUnitXMLReporter -->
<testsuite ignored="0" hostname="Uvarajashanmugams-MacBook-Pro.local" failures="7" tests="22" name="firefoxTest" time="83.232" errors="0" timestamp="2023-04-01T16:26:23 EDT">
  <testcase classname="testCases.testCase" name="homepage" time="2.822"/>
  <testcase classname="testCases.testCase" name="RegisterPage" time="4.676">
    <failure type="org.openqa.selenium.NoSuchElementException" message="Unable to locate element: //a[text()=&amp;apos;Sign out&amp;apos;]
For documentation on this error, please visit: https://selenium.dev/exceptions/#no_such_element
Build info: version: &amp;apos;4.8.0&amp;apos;, revision: &amp;apos;267030adea&amp;apos;
System info: os.name: &amp;apos;Mac OS X&amp;apos;, os.arch: &amp;apos;x86_64&amp;apos;, os.version: &amp;apos;12.0.1&amp;apos;, java.version: &amp;apos;19.0.1&amp;apos;
Driver info: org.openqa.selenium.firefox.FirefoxDriver
Command: [90ae812a-bed2-45a4-8c22-65c69c8e012a, findElement {using=xpath, value=//a[text()=&amp;apos;Sign out&amp;apos;]}]
Capabilities {acceptInsecureCerts: true, browserName: firefox, browserVersion: 111.0.1, moz:accessibilityChecks: false, moz:buildID: 20230321111920, moz:debuggerAddress: 127.0.0.1:41451, moz:geckodriverVersion: 0.32.2, moz:headless: false, moz:platformVersion: 21.1.0, moz:processID: 5804, moz:profile: /var/folders/9x/bfy4ys6j4vn..., moz:shutdownTimeout: 60000, moz:useNonSpecCompliantPointerOrigin: false, moz:webdriverClick: true, moz:windowless: false, pageLoadStrategy: normal, platformName: MAC, proxy: Proxy(), se:cdp: ws://127.0.0.1:41451/devtoo..., se:cdpVersion: 85.0, setWindowRect: true, strictFileInteractability: false, timeouts: {implicit: 0, pageLoad: 300000, script: 30000}, unhandledPromptBehavior: dismiss and notify}
Session ID: 90ae812a-bed2-45a4-8c22-65c69c8e012a">
      <![CDATA[org.openqa.selenium.NoSuchElementException: Unable to locate element: //a[text()='Sign out']
For documentation on this error, please visit: https://selenium.dev/exceptions/#no_such_element
Build info: version: '4.8.0', revision: '267030adea'
System info: os.name: 'Mac OS X', os.arch: 'x86_64', os.version: '12.0.1', java.version: '19.0.1'
Driver info: org.openqa.selenium.firefox.FirefoxDriver
Command: [90ae812a-bed2-45a4-8c22-65c69c8e012a, findElement {using=xpath, value=//a[text()='Sign out']}]
Capabilities {acceptInsecureCerts: true, browserName: firefox, browserVersion: 111.0.1, moz:accessibilityChecks: false, moz:buildID: 20230321111920, moz:debuggerAddress: 127.0.0.1:41451, moz:geckodriverVersion: 0.32.2, moz:headless: false, moz:platformVersion: 21.1.0, moz:processID: 5804, moz:profile: /var/folders/9x/bfy4ys6j4vn..., moz:shutdownTimeout: 60000, moz:useNonSpecCompliantPointerOrigin: false, moz:webdriverClick: true, moz:windowless: false, pageLoadStrategy: normal, platformName: MAC, proxy: Proxy(), se:cdp: ws://127.0.0.1:41451/devtoo..., se:cdpVersion: 85.0, setWindowRect: true, strictFileInteractability: false, timeouts: {implicit: 0, pageLoad: 300000, script: 30000}, unhandledPromptBehavior: dismiss and notify}
Session ID: 90ae812a-bed2-45a4-8c22-65c69c8e012a
at org.openqa.selenium.remote.codec.w3c.W3CHttpResponseCodec.createException(W3CHttpResponseCodec.java:200)
at org.openqa.selenium.remote.codec.w3c.W3CHttpResponseCodec.decode(W3CHttpResponseCodec.java:133)
at org.openqa.selenium.remote.codec.w3c.W3CHttpResponseCodec.decode(W3CHttpResponseCodec.java:53)
at org.openqa.selenium.remote.HttpCommandExecutor.execute(HttpCommandExecutor.java:184)
at org.openqa.selenium.remote.service.DriverCommandExecutor.invokeExecute(DriverCommandExecutor.java:167)
at org.openqa.selenium.remote.service.DriverCommandExecutor.execute(DriverCommandExecutor.java:142)
at org.openqa.selenium.remote.RemoteWebDriver.execute(RemoteWebDriver.java:543)
at org.openqa.selenium.remote.ElementLocation$ElementFinder$2.findElement(ElementLocation.java:162)
at org.openqa.selenium.remote.ElementLocation.findElement(ElementLocation.java:60)
at org.openqa.selenium.remote.RemoteWebDriver.findElement(RemoteWebDriver.java:352)
at org.openqa.selenium.remote.RemoteWebDriver.findElement(RemoteWebDriver.java:344)
at pageObject.RegisterPage.Register(RegisterPage.java:78)
at testCases.testCase.RegisterPage(testCase.java:72)
at java.base/java.util.ArrayList.forEach(ArrayList.java:1511)
at java.base/java.util.concurrent.FutureTask.run(FutureTask.java:317)
at java.base/java.util.concurrent.ThreadPoolExecutor.runWorker(ThreadPoolExecutor.java:1144)
at java.base/java.util.concurrent.ThreadPoolExecutor$Worker.run(ThreadPoolExecutor.java:642)
at java.base/java.lang.Thread.run(Thread.java:1589)
... Removed 19 stack frames]]>
    </failure>
  </testcase> <!-- RegisterPage -->
  <testcase classname="testCases.testCase" name="login" time="0.865"/>
  <testcase classname="testCases.testCase" name="login" time="0.821"/>
  <testcase classname="testCases.testCase" name="login" time="0.86"/>
  <testcase classname="testCases.testCase" name="login" time="0.979"/>
  <testcase classname="testCases.testCase" name="DataStructure" time="3.304"/>
  <testcase classname="testCases.testCase" name="DataStructure" time="2.914"/>
  <testcase classname="testCases.testCase" name="Array" time="10.243"/>
  <testcase classname="testCases.testCase" name="Array" time="10.057"/>
  <testcase classname="testCases.testCase" name="ArrayPQ" time="14.675"/>
  <testcase classname="testCases.testCase" name="ArrayPQ" time="2.117"/>
  <testcase classname="testCases.testCase" name="LinkedList" time="7.644"/>
  <testcase classname="testCases.testCase" name="LinkedList" time="6.916"/>
  <testcase classname="testCases.testCase" name="queue" time="4.02"/>
  <testcase classname="testCases.testCase" name="queue" time="3.739"/>
  <testcase classname="testCases.testCase" name="graph" time="0.518">
    <failure type="org.openqa.selenium.NoSuchWindowException" message="Browsing context has been discarded
Build info: version: &amp;apos;4.8.0&amp;apos;, revision: &amp;apos;267030adea&amp;apos;
System info: os.name: &amp;apos;Mac OS X&amp;apos;, os.arch: &amp;apos;x86_64&amp;apos;, os.version: &amp;apos;12.0.1&amp;apos;, java.version: &amp;apos;19.0.1&amp;apos;
Driver info: org.openqa.selenium.firefox.FirefoxDriver
Command: [90ae812a-bed2-45a4-8c22-65c69c8e012a, findElement {using=xpath, value=//a[contains (text(), &amp;apos;Try here&amp;apos;)]}]
Capabilities {acceptInsecureCerts: true, browserName: firefox, browserVersion: 111.0.1, moz:accessibilityChecks: false, moz:buildID: 20230321111920, moz:debuggerAddress: 127.0.0.1:41451, moz:geckodriverVersion: 0.32.2, moz:headless: false, moz:platformVersion: 21.1.0, moz:processID: 5804, moz:profile: /var/folders/9x/bfy4ys6j4vn..., moz:shutdownTimeout: 60000, moz:useNonSpecCompliantPointerOrigin: false, moz:webdriverClick: true, moz:windowless: false, pageLoadStrategy: normal, platformName: MAC, proxy: Proxy(), se:cdp: ws://127.0.0.1:41451/devtoo..., se:cdpVersion: 85.0, setWindowRect: true, strictFileInteractability: false, timeouts: {implicit: 0, pageLoad: 300000, script: 30000}, unhandledPromptBehavior: dismiss and notify}
Session ID: 90ae812a-bed2-45a4-8c22-65c69c8e012a">
      <![CDATA[org.openqa.selenium.NoSuchWindowException: Browsing context has been discarded
Build info: version: '4.8.0', revision: '267030adea'
System info: os.name: 'Mac OS X', os.arch: 'x86_64', os.version: '12.0.1', java.version: '19.0.1'
Driver info: org.openqa.selenium.firefox.FirefoxDriver
Command: [90ae812a-bed2-45a4-8c22-65c69c8e012a, findElement {using=xpath, value=//a[contains (text(), 'Try here')]}]
Capabilities {acceptInsecureCerts: true, browserName: firefox, browserVersion: 111.0.1, moz:accessibilityChecks: false, moz:buildID: 20230321111920, moz:debuggerAddress: 127.0.0.1:41451, moz:geckodriverVersion: 0.32.2, moz:headless: false, moz:platformVersion: 21.1.0, moz:processID: 5804, moz:profile: /var/folders/9x/bfy4ys6j4vn..., moz:shutdownTimeout: 60000, moz:useNonSpecCompliantPointerOrigin: false, moz:webdriverClick: true, moz:windowless: false, pageLoadStrategy: normal, platformName: MAC, proxy: Proxy(), se:cdp: ws://127.0.0.1:41451/devtoo..., se:cdpVersion: 85.0, setWindowRect: true, strictFileInteractability: false, timeouts: {implicit: 0, pageLoad: 300000, script: 30000}, unhandledPromptBehavior: dismiss and notify}
Session ID: 90ae812a-bed2-45a4-8c22-65c69c8e012a
at org.openqa.selenium.remote.codec.w3c.W3CHttpResponseCodec.createException(W3CHttpResponseCodec.java:200)
at org.openqa.selenium.remote.codec.w3c.W3CHttpResponseCodec.decode(W3CHttpResponseCodec.java:133)
at org.openqa.selenium.remote.codec.w3c.W3CHttpResponseCodec.decode(W3CHttpResponseCodec.java:53)
at org.openqa.selenium.remote.HttpCommandExecutor.execute(HttpCommandExecutor.java:184)
at org.openqa.selenium.remote.service.DriverCommandExecutor.invokeExecute(DriverCommandExecutor.java:167)
at org.openqa.selenium.remote.service.DriverCommandExecutor.execute(DriverCommandExecutor.java:142)
at org.openqa.selenium.remote.RemoteWebDriver.execute(RemoteWebDriver.java:543)
at org.openqa.selenium.remote.ElementLocation$ElementFinder$2.findElement(ElementLocation.java:162)
at org.openqa.selenium.remote.ElementLocation.findElement(ElementLocation.java:60)
at org.openqa.selenium.remote.RemoteWebDriver.findElement(RemoteWebDriver.java:352)
at org.openqa.selenium.remote.RemoteWebDriver.findElement(RemoteWebDriver.java:344)
at pageObject.GraphPage.AccessGraph(GraphPage.java:35)
at testCases.testCase.graph(testCase.java:119)
at java.base/java.util.ArrayList.forEach(ArrayList.java:1511)
at java.base/java.util.concurrent.FutureTask.run(FutureTask.java:317)
at java.base/java.util.concurrent.ThreadPoolExecutor.runWorker(ThreadPoolExecutor.java:1144)
at java.base/java.util.concurrent.ThreadPoolExecutor$Worker.run(ThreadPoolExecutor.java:642)
at java.base/java.lang.Thread.run(Thread.java:1589)
... Removed 19 stack frames]]>
    </failure>
  </testcase> <!-- graph -->
  <testcase classname="testCases.testCase" name="graph" time="0.004">
    <failure type="org.openqa.selenium.NoSuchWindowException" message="Browsing context has been discarded
Build info: version: &amp;apos;4.8.0&amp;apos;, revision: &amp;apos;267030adea&amp;apos;
System info: os.name: &amp;apos;Mac OS X&amp;apos;, os.arch: &amp;apos;x86_64&amp;apos;, os.version: &amp;apos;12.0.1&amp;apos;, java.version: &amp;apos;19.0.1&amp;apos;
Driver info: org.openqa.selenium.firefox.FirefoxDriver
Command: [90ae812a-bed2-45a4-8c22-65c69c8e012a, findElement {using=xpath, value=//a[@class=&amp;apos;nav-link dropdown-toggle&amp;apos;]}]
Capabilities {acceptInsecureCerts: true, browserName: firefox, browserVersion: 111.0.1, moz:accessibilityChecks: false, moz:buildID: 20230321111920, moz:debuggerAddress: 127.0.0.1:41451, moz:geckodriverVersion: 0.32.2, moz:headless: false, moz:platformVersion: 21.1.0, moz:processID: 5804, moz:profile: /var/folders/9x/bfy4ys6j4vn..., moz:shutdownTimeout: 60000, moz:useNonSpecCompliantPointerOrigin: false, moz:webdriverClick: true, moz:windowless: false, pageLoadStrategy: normal, platformName: MAC, proxy: Proxy(), se:cdp: ws://127.0.0.1:41451/devtoo..., se:cdpVersion: 85.0, setWindowRect: true, strictFileInteractability: false, timeouts: {implicit: 0, pageLoad: 300000, script: 30000}, unhandledPromptBehavior: dismiss and notify}
Session ID: 90ae812a-bed2-45a4-8c22-65c69c8e012a">
      <![CDATA[org.openqa.selenium.NoSuchWindowException: Browsing context has been discarded
Build info: version: '4.8.0', revision: '267030adea'
System info: os.name: 'Mac OS X', os.arch: 'x86_64', os.version: '12.0.1', java.version: '19.0.1'
Driver info: org.openqa.selenium.firefox.FirefoxDriver
Command: [90ae812a-bed2-45a4-8c22-65c69c8e012a, findElement {using=xpath, value=//a[@class='nav-link dropdown-toggle']}]
Capabilities {acceptInsecureCerts: true, browserName: firefox, browserVersion: 111.0.1, moz:accessibilityChecks: false, moz:buildID: 20230321111920, moz:debuggerAddress: 127.0.0.1:41451, moz:geckodriverVersion: 0.32.2, moz:headless: false, moz:platformVersion: 21.1.0, moz:processID: 5804, moz:profile: /var/folders/9x/bfy4ys6j4vn..., moz:shutdownTimeout: 60000, moz:useNonSpecCompliantPointerOrigin: false, moz:webdriverClick: true, moz:windowless: false, pageLoadStrategy: normal, platformName: MAC, proxy: Proxy(), se:cdp: ws://127.0.0.1:41451/devtoo..., se:cdpVersion: 85.0, setWindowRect: true, strictFileInteractability: false, timeouts: {implicit: 0, pageLoad: 300000, script: 30000}, unhandledPromptBehavior: dismiss and notify}
Session ID: 90ae812a-bed2-45a4-8c22-65c69c8e012a
at org.openqa.selenium.remote.codec.w3c.W3CHttpResponseCodec.createException(W3CHttpResponseCodec.java:200)
at org.openqa.selenium.remote.codec.w3c.W3CHttpResponseCodec.decode(W3CHttpResponseCodec.java:133)
at org.openqa.selenium.remote.codec.w3c.W3CHttpResponseCodec.decode(W3CHttpResponseCodec.java:53)
at org.openqa.selenium.remote.HttpCommandExecutor.execute(HttpCommandExecutor.java:184)
at org.openqa.selenium.remote.service.DriverCommandExecutor.invokeExecute(DriverCommandExecutor.java:167)
at org.openqa.selenium.remote.service.DriverCommandExecutor.execute(DriverCommandExecutor.java:142)
at org.openqa.selenium.remote.RemoteWebDriver.execute(RemoteWebDriver.java:543)
at org.openqa.selenium.remote.ElementLocation$ElementFinder$2.findElement(ElementLocation.java:162)
at org.openqa.selenium.remote.ElementLocation.findElement(ElementLocation.java:60)
at org.openqa.selenium.remote.RemoteWebDriver.findElement(RemoteWebDriver.java:352)
at org.openqa.selenium.remote.RemoteWebDriver.findElement(RemoteWebDriver.java:344)
at pageObject.GraphPage.clickGraph(GraphPage.java:21)
at testCases.testCase.graph(testCase.java:118)
at java.base/java.util.ArrayList.forEach(ArrayList.java:1511)
at java.base/java.util.concurrent.FutureTask.run(FutureTask.java:317)
at java.base/java.util.concurrent.ThreadPoolExecutor.runWorker(ThreadPoolExecutor.java:1144)
at java.base/java.util.concurrent.ThreadPoolExecutor$Worker.run(ThreadPoolExecutor.java:642)
at java.base/java.lang.Thread.run(Thread.java:1589)
... Removed 19 stack frames]]>
    </failure>
  </testcase> <!-- graph -->
  <testcase classname="testCases.testCase" name="tree" time="0.005">
    <failure type="org.openqa.selenium.NoSuchWindowException" message="Browsing context has been discarded
Build info: version: &amp;apos;4.8.0&amp;apos;, revision: &amp;apos;267030adea&amp;apos;
System info: os.name: &amp;apos;Mac OS X&amp;apos;, os.arch: &amp;apos;x86_64&amp;apos;, os.version: &amp;apos;12.0.1&amp;apos;, java.version: &amp;apos;19.0.1&amp;apos;
Driver info: org.openqa.selenium.firefox.FirefoxDriver
Command: [90ae812a-bed2-45a4-8c22-65c69c8e012a, findElement {using=xpath, value=//a[@class=&amp;apos;nav-link dropdown-toggle&amp;apos;]}]
Capabilities {acceptInsecureCerts: true, browserName: firefox, browserVersion: 111.0.1, moz:accessibilityChecks: false, moz:buildID: 20230321111920, moz:debuggerAddress: 127.0.0.1:41451, moz:geckodriverVersion: 0.32.2, moz:headless: false, moz:platformVersion: 21.1.0, moz:processID: 5804, moz:profile: /var/folders/9x/bfy4ys6j4vn..., moz:shutdownTimeout: 60000, moz:useNonSpecCompliantPointerOrigin: false, moz:webdriverClick: true, moz:windowless: false, pageLoadStrategy: normal, platformName: MAC, proxy: Proxy(), se:cdp: ws://127.0.0.1:41451/devtoo..., se:cdpVersion: 85.0, setWindowRect: true, strictFileInteractability: false, timeouts: {implicit: 0, pageLoad: 300000, script: 30000}, unhandledPromptBehavior: dismiss and notify}
Session ID: 90ae812a-bed2-45a4-8c22-65c69c8e012a">
      <![CDATA[org.openqa.selenium.NoSuchWindowException: Browsing context has been discarded
Build info: version: '4.8.0', revision: '267030adea'
System info: os.name: 'Mac OS X', os.arch: 'x86_64', os.version: '12.0.1', java.version: '19.0.1'
Driver info: org.openqa.selenium.firefox.FirefoxDriver
Command: [90ae812a-bed2-45a4-8c22-65c69c8e012a, findElement {using=xpath, value=//a[@class='nav-link dropdown-toggle']}]
Capabilities {acceptInsecureCerts: true, browserName: firefox, browserVersion: 111.0.1, moz:accessibilityChecks: false, moz:buildID: 20230321111920, moz:debuggerAddress: 127.0.0.1:41451, moz:geckodriverVersion: 0.32.2, moz:headless: false, moz:platformVersion: 21.1.0, moz:processID: 5804, moz:profile: /var/folders/9x/bfy4ys6j4vn..., moz:shutdownTimeout: 60000, moz:useNonSpecCompliantPointerOrigin: false, moz:webdriverClick: true, moz:windowless: false, pageLoadStrategy: normal, platformName: MAC, proxy: Proxy(), se:cdp: ws://127.0.0.1:41451/devtoo..., se:cdpVersion: 85.0, setWindowRect: true, strictFileInteractability: false, timeouts: {implicit: 0, pageLoad: 300000, script: 30000}, unhandledPromptBehavior: dismiss and notify}
Session ID: 90ae812a-bed2-45a4-8c22-65c69c8e012a
at org.openqa.selenium.remote.codec.w3c.W3CHttpResponseCodec.createException(W3CHttpResponseCodec.java:200)
at org.openqa.selenium.remote.codec.w3c.W3CHttpResponseCodec.decode(W3CHttpResponseCodec.java:133)
at org.openqa.selenium.remote.codec.w3c.W3CHttpResponseCodec.decode(W3CHttpResponseCodec.java:53)
at org.openqa.selenium.remote.HttpCommandExecutor.execute(HttpCommandExecutor.java:184)
at org.openqa.selenium.remote.service.DriverCommandExecutor.invokeExecute(DriverCommandExecutor.java:167)
at org.openqa.selenium.remote.service.DriverCommandExecutor.execute(DriverCommandExecutor.java:142)
at org.openqa.selenium.remote.RemoteWebDriver.execute(RemoteWebDriver.java:543)
at org.openqa.selenium.remote.ElementLocation$ElementFinder$2.findElement(ElementLocation.java:162)
at org.openqa.selenium.remote.ElementLocation.findElement(ElementLocation.java:60)
at org.openqa.selenium.remote.RemoteWebDriver.findElement(RemoteWebDriver.java:352)
at org.openqa.selenium.remote.RemoteWebDriver.findElement(RemoteWebDriver.java:344)
at pageObject.TreePage.clickTree(TreePage.java:21)
at testCases.testCase.tree(testCase.java:127)
at java.base/java.util.ArrayList.forEach(ArrayList.java:1511)
at java.base/java.util.concurrent.FutureTask.run(FutureTask.java:317)
at java.base/java.util.concurrent.ThreadPoolExecutor.runWorker(ThreadPoolExecutor.java:1144)
at java.base/java.util.concurrent.ThreadPoolExecutor$Worker.run(ThreadPoolExecutor.java:642)
at java.base/java.lang.Thread.run(Thread.java:1589)
... Removed 19 stack frames]]>
    </failure>
  </testcase> <!-- tree -->
  <testcase classname="testCases.testCase" name="tree" time="0.003">
    <failure type="org.openqa.selenium.NoSuchWindowException" message="Browsing context has been discarded
Build info: version: &amp;apos;4.8.0&amp;apos;, revision: &amp;apos;267030adea&amp;apos;
System info: os.name: &amp;apos;Mac OS X&amp;apos;, os.arch: &amp;apos;x86_64&amp;apos;, os.version: &amp;apos;12.0.1&amp;apos;, java.version: &amp;apos;19.0.1&amp;apos;
Driver info: org.openqa.selenium.firefox.FirefoxDriver
Command: [90ae812a-bed2-45a4-8c22-65c69c8e012a, findElement {using=xpath, value=//a[@class=&amp;apos;nav-link dropdown-toggle&amp;apos;]}]
Capabilities {acceptInsecureCerts: true, browserName: firefox, browserVersion: 111.0.1, moz:accessibilityChecks: false, moz:buildID: 20230321111920, moz:debuggerAddress: 127.0.0.1:41451, moz:geckodriverVersion: 0.32.2, moz:headless: false, moz:platformVersion: 21.1.0, moz:processID: 5804, moz:profile: /var/folders/9x/bfy4ys6j4vn..., moz:shutdownTimeout: 60000, moz:useNonSpecCompliantPointerOrigin: false, moz:webdriverClick: true, moz:windowless: false, pageLoadStrategy: normal, platformName: MAC, proxy: Proxy(), se:cdp: ws://127.0.0.1:41451/devtoo..., se:cdpVersion: 85.0, setWindowRect: true, strictFileInteractability: false, timeouts: {implicit: 0, pageLoad: 300000, script: 30000}, unhandledPromptBehavior: dismiss and notify}
Session ID: 90ae812a-bed2-45a4-8c22-65c69c8e012a">
      <![CDATA[org.openqa.selenium.NoSuchWindowException: Browsing context has been discarded
Build info: version: '4.8.0', revision: '267030adea'
System info: os.name: 'Mac OS X', os.arch: 'x86_64', os.version: '12.0.1', java.version: '19.0.1'
Driver info: org.openqa.selenium.firefox.FirefoxDriver
Command: [90ae812a-bed2-45a4-8c22-65c69c8e012a, findElement {using=xpath, value=//a[@class='nav-link dropdown-toggle']}]
Capabilities {acceptInsecureCerts: true, browserName: firefox, browserVersion: 111.0.1, moz:accessibilityChecks: false, moz:buildID: 20230321111920, moz:debuggerAddress: 127.0.0.1:41451, moz:geckodriverVersion: 0.32.2, moz:headless: false, moz:platformVersion: 21.1.0, moz:processID: 5804, moz:profile: /var/folders/9x/bfy4ys6j4vn..., moz:shutdownTimeout: 60000, moz:useNonSpecCompliantPointerOrigin: false, moz:webdriverClick: true, moz:windowless: false, pageLoadStrategy: normal, platformName: MAC, proxy: Proxy(), se:cdp: ws://127.0.0.1:41451/devtoo..., se:cdpVersion: 85.0, setWindowRect: true, strictFileInteractability: false, timeouts: {implicit: 0, pageLoad: 300000, script: 30000}, unhandledPromptBehavior: dismiss and notify}
Session ID: 90ae812a-bed2-45a4-8c22-65c69c8e012a
at org.openqa.selenium.remote.codec.w3c.W3CHttpResponseCodec.createException(W3CHttpResponseCodec.java:200)
at org.openqa.selenium.remote.codec.w3c.W3CHttpResponseCodec.decode(W3CHttpResponseCodec.java:133)
at org.openqa.selenium.remote.codec.w3c.W3CHttpResponseCodec.decode(W3CHttpResponseCodec.java:53)
at org.openqa.selenium.remote.HttpCommandExecutor.execute(HttpCommandExecutor.java:184)
at org.openqa.selenium.remote.service.DriverCommandExecutor.invokeExecute(DriverCommandExecutor.java:167)
at org.openqa.selenium.remote.service.DriverCommandExecutor.execute(DriverCommandExecutor.java:142)
at org.openqa.selenium.remote.RemoteWebDriver.execute(RemoteWebDriver.java:543)
at org.openqa.selenium.remote.ElementLocation$ElementFinder$2.findElement(ElementLocation.java:162)
at org.openqa.selenium.remote.ElementLocation.findElement(ElementLocation.java:60)
at org.openqa.selenium.remote.RemoteWebDriver.findElement(RemoteWebDriver.java:352)
at org.openqa.selenium.remote.RemoteWebDriver.findElement(RemoteWebDriver.java:344)
at pageObject.TreePage.clickTree(TreePage.java:21)
at testCases.testCase.tree(testCase.java:127)
at java.base/java.util.ArrayList.forEach(ArrayList.java:1511)
at java.base/java.util.concurrent.FutureTask.run(FutureTask.java:317)
at java.base/java.util.concurrent.ThreadPoolExecutor.runWorker(ThreadPoolExecutor.java:1144)
at java.base/java.util.concurrent.ThreadPoolExecutor$Worker.run(ThreadPoolExecutor.java:642)
at java.base/java.lang.Thread.run(Thread.java:1589)
... Removed 19 stack frames]]>
    </failure>
  </testcase> <!-- tree -->
  <testcase classname="testCases.testCase" name="stack" time="0.004">
    <failure type="org.openqa.selenium.NoSuchWindowException" message="Browsing context has been discarded
Build info: version: &amp;apos;4.8.0&amp;apos;, revision: &amp;apos;267030adea&amp;apos;
System info: os.name: &amp;apos;Mac OS X&amp;apos;, os.arch: &amp;apos;x86_64&amp;apos;, os.version: &amp;apos;12.0.1&amp;apos;, java.version: &amp;apos;19.0.1&amp;apos;
Driver info: org.openqa.selenium.firefox.FirefoxDriver
Command: [90ae812a-bed2-45a4-8c22-65c69c8e012a, findElement {using=xpath, value=//div[@class=&amp;apos;nav-item dropdown&amp;apos;]}]
Capabilities {acceptInsecureCerts: true, browserName: firefox, browserVersion: 111.0.1, moz:accessibilityChecks: false, moz:buildID: 20230321111920, moz:debuggerAddress: 127.0.0.1:41451, moz:geckodriverVersion: 0.32.2, moz:headless: false, moz:platformVersion: 21.1.0, moz:processID: 5804, moz:profile: /var/folders/9x/bfy4ys6j4vn..., moz:shutdownTimeout: 60000, moz:useNonSpecCompliantPointerOrigin: false, moz:webdriverClick: true, moz:windowless: false, pageLoadStrategy: normal, platformName: MAC, proxy: Proxy(), se:cdp: ws://127.0.0.1:41451/devtoo..., se:cdpVersion: 85.0, setWindowRect: true, strictFileInteractability: false, timeouts: {implicit: 0, pageLoad: 300000, script: 30000}, unhandledPromptBehavior: dismiss and notify}
Session ID: 90ae812a-bed2-45a4-8c22-65c69c8e012a">
      <![CDATA[org.openqa.selenium.NoSuchWindowException: Browsing context has been discarded
Build info: version: '4.8.0', revision: '267030adea'
System info: os.name: 'Mac OS X', os.arch: 'x86_64', os.version: '12.0.1', java.version: '19.0.1'
Driver info: org.openqa.selenium.firefox.FirefoxDriver
Command: [90ae812a-bed2-45a4-8c22-65c69c8e012a, findElement {using=xpath, value=//div[@class='nav-item dropdown']}]
Capabilities {acceptInsecureCerts: true, browserName: firefox, browserVersion: 111.0.1, moz:accessibilityChecks: false, moz:buildID: 20230321111920, moz:debuggerAddress: 127.0.0.1:41451, moz:geckodriverVersion: 0.32.2, moz:headless: false, moz:platformVersion: 21.1.0, moz:processID: 5804, moz:profile: /var/folders/9x/bfy4ys6j4vn..., moz:shutdownTimeout: 60000, moz:useNonSpecCompliantPointerOrigin: false, moz:webdriverClick: true, moz:windowless: false, pageLoadStrategy: normal, platformName: MAC, proxy: Proxy(), se:cdp: ws://127.0.0.1:41451/devtoo..., se:cdpVersion: 85.0, setWindowRect: true, strictFileInteractability: false, timeouts: {implicit: 0, pageLoad: 300000, script: 30000}, unhandledPromptBehavior: dismiss and notify}
Session ID: 90ae812a-bed2-45a4-8c22-65c69c8e012a
at org.openqa.selenium.remote.codec.w3c.W3CHttpResponseCodec.createException(W3CHttpResponseCodec.java:200)
at org.openqa.selenium.remote.codec.w3c.W3CHttpResponseCodec.decode(W3CHttpResponseCodec.java:133)
at org.openqa.selenium.remote.codec.w3c.W3CHttpResponseCodec.decode(W3CHttpResponseCodec.java:53)
at org.openqa.selenium.remote.HttpCommandExecutor.execute(HttpCommandExecutor.java:184)
at org.openqa.selenium.remote.service.DriverCommandExecutor.invokeExecute(DriverCommandExecutor.java:167)
at org.openqa.selenium.remote.service.DriverCommandExecutor.execute(DriverCommandExecutor.java:142)
at org.openqa.selenium.remote.RemoteWebDriver.execute(RemoteWebDriver.java:543)
at org.openqa.selenium.remote.ElementLocation$ElementFinder$2.findElement(ElementLocation.java:162)
at org.openqa.selenium.remote.ElementLocation.findElement(ElementLocation.java:60)
at org.openqa.selenium.remote.RemoteWebDriver.findElement(RemoteWebDriver.java:352)
at org.openqa.selenium.remote.RemoteWebDriver.findElement(RemoteWebDriver.java:344)
at pageObject.StackPage.clickStack(StackPage.java:20)
at testCases.testCase.stack(testCase.java:134)
at java.base/java.util.ArrayList.forEach(ArrayList.java:1511)
at java.base/java.util.concurrent.FutureTask.run(FutureTask.java:317)
at java.base/java.util.concurrent.ThreadPoolExecutor.runWorker(ThreadPoolExecutor.java:1144)
at java.base/java.util.concurrent.ThreadPoolExecutor$Worker.run(ThreadPoolExecutor.java:642)
at java.base/java.lang.Thread.run(Thread.java:1589)
... Removed 19 stack frames]]>
    </failure>
  </testcase> <!-- stack -->
  <testcase classname="testCases.testCase" name="stack" time="0.003">
    <failure type="org.openqa.selenium.NoSuchWindowException" message="Browsing context has been discarded
Build info: version: &amp;apos;4.8.0&amp;apos;, revision: &amp;apos;267030adea&amp;apos;
System info: os.name: &amp;apos;Mac OS X&amp;apos;, os.arch: &amp;apos;x86_64&amp;apos;, os.version: &amp;apos;12.0.1&amp;apos;, java.version: &amp;apos;19.0.1&amp;apos;
Driver info: org.openqa.selenium.firefox.FirefoxDriver
Command: [90ae812a-bed2-45a4-8c22-65c69c8e012a, findElement {using=xpath, value=//div[@class=&amp;apos;nav-item dropdown&amp;apos;]}]
Capabilities {acceptInsecureCerts: true, browserName: firefox, browserVersion: 111.0.1, moz:accessibilityChecks: false, moz:buildID: 20230321111920, moz:debuggerAddress: 127.0.0.1:41451, moz:geckodriverVersion: 0.32.2, moz:headless: false, moz:platformVersion: 21.1.0, moz:processID: 5804, moz:profile: /var/folders/9x/bfy4ys6j4vn..., moz:shutdownTimeout: 60000, moz:useNonSpecCompliantPointerOrigin: false, moz:webdriverClick: true, moz:windowless: false, pageLoadStrategy: normal, platformName: MAC, proxy: Proxy(), se:cdp: ws://127.0.0.1:41451/devtoo..., se:cdpVersion: 85.0, setWindowRect: true, strictFileInteractability: false, timeouts: {implicit: 0, pageLoad: 300000, script: 30000}, unhandledPromptBehavior: dismiss and notify}
Session ID: 90ae812a-bed2-45a4-8c22-65c69c8e012a">
      <![CDATA[org.openqa.selenium.NoSuchWindowException: Browsing context has been discarded
Build info: version: '4.8.0', revision: '267030adea'
System info: os.name: 'Mac OS X', os.arch: 'x86_64', os.version: '12.0.1', java.version: '19.0.1'
Driver info: org.openqa.selenium.firefox.FirefoxDriver
Command: [90ae812a-bed2-45a4-8c22-65c69c8e012a, findElement {using=xpath, value=//div[@class='nav-item dropdown']}]
Capabilities {acceptInsecureCerts: true, browserName: firefox, browserVersion: 111.0.1, moz:accessibilityChecks: false, moz:buildID: 20230321111920, moz:debuggerAddress: 127.0.0.1:41451, moz:geckodriverVersion: 0.32.2, moz:headless: false, moz:platformVersion: 21.1.0, moz:processID: 5804, moz:profile: /var/folders/9x/bfy4ys6j4vn..., moz:shutdownTimeout: 60000, moz:useNonSpecCompliantPointerOrigin: false, moz:webdriverClick: true, moz:windowless: false, pageLoadStrategy: normal, platformName: MAC, proxy: Proxy(), se:cdp: ws://127.0.0.1:41451/devtoo..., se:cdpVersion: 85.0, setWindowRect: true, strictFileInteractability: false, timeouts: {implicit: 0, pageLoad: 300000, script: 30000}, unhandledPromptBehavior: dismiss and notify}
Session ID: 90ae812a-bed2-45a4-8c22-65c69c8e012a
at org.openqa.selenium.remote.codec.w3c.W3CHttpResponseCodec.createException(W3CHttpResponseCodec.java:200)
at org.openqa.selenium.remote.codec.w3c.W3CHttpResponseCodec.decode(W3CHttpResponseCodec.java:133)
at org.openqa.selenium.remote.codec.w3c.W3CHttpResponseCodec.decode(W3CHttpResponseCodec.java:53)
at org.openqa.selenium.remote.HttpCommandExecutor.execute(HttpCommandExecutor.java:184)
at org.openqa.selenium.remote.service.DriverCommandExecutor.invokeExecute(DriverCommandExecutor.java:167)
at org.openqa.selenium.remote.service.DriverCommandExecutor.execute(DriverCommandExecutor.java:142)
at org.openqa.selenium.remote.RemoteWebDriver.execute(RemoteWebDriver.java:543)
at org.openqa.selenium.remote.ElementLocation$ElementFinder$2.findElement(ElementLocation.java:162)
at org.openqa.selenium.remote.ElementLocation.findElement(ElementLocation.java:60)
at org.openqa.selenium.remote.RemoteWebDriver.findElement(RemoteWebDriver.java:352)
at org.openqa.selenium.remote.RemoteWebDriver.findElement(RemoteWebDriver.java:344)
at pageObject.StackPage.clickStack(StackPage.java:20)
at testCases.testCase.stack(testCase.java:134)
at java.base/java.util.ArrayList.forEach(ArrayList.java:1511)
at java.base/java.util.concurrent.FutureTask.run(FutureTask.java:317)
at java.base/java.util.concurrent.ThreadPoolExecutor.runWorker(ThreadPoolExecutor.java:1144)
at java.base/java.util.concurrent.ThreadPoolExecutor$Worker.run(ThreadPoolExecutor.java:642)
at java.base/java.lang.Thread.run(Thread.java:1589)
... Removed 19 stack frames]]>
    </failure>
  </testcase> <!-- stack -->
</testsuite> <!-- firefoxTest -->
