<?xml version="1.0" encoding="UTF-8"?>
<!-- Generated by org.testng.reporters.JUnitXMLReporter -->
<testsuite ignored="0" hostname="Uvarajashanmugams-MacBook-Pro.local" failures="1" tests="24" name="firefoxTest" time="1508.77" errors="0" timestamp="2023-03-31T16:11:29 EDT">
  <testcase classname="testCases.testCase" name="launchBrowser" time="3.394"/>
  <testcase classname="testCases.testCase" name="launchUrl" time="1.672"/>
  <testcase classname="testCases.testCase" name="homepage" time="1.598"/>
  <testcase classname="testCases.testCase" name="RegisterPage" time="3.599">
    <failure type="org.openqa.selenium.NoSuchElementException" message="Unable to locate element: //a[text()=&amp;apos;Sign out&amp;apos;]
For documentation on this error, please visit: https://selenium.dev/exceptions/#no_such_element
Build info: version: &amp;apos;4.8.0&amp;apos;, revision: &amp;apos;267030adea&amp;apos;
System info: os.name: &amp;apos;Mac OS X&amp;apos;, os.arch: &amp;apos;x86_64&amp;apos;, os.version: &amp;apos;12.0.1&amp;apos;, java.version: &amp;apos;19.0.1&amp;apos;
Driver info: org.openqa.selenium.firefox.FirefoxDriver
Command: [970bf87a-ce55-4b3e-ad11-d1853f633cf4, findElement {using=xpath, value=//a[text()=&amp;apos;Sign out&amp;apos;]}]
Capabilities {acceptInsecureCerts: true, browserName: firefox, browserVersion: 111.0.1, moz:accessibilityChecks: false, moz:buildID: 20230321111920, moz:debuggerAddress: 127.0.0.1:45175, moz:geckodriverVersion: 0.32.2, moz:headless: false, moz:platformVersion: 21.1.0, moz:processID: 1458, moz:profile: /var/folders/9x/bfy4ys6j4vn..., moz:shutdownTimeout: 60000, moz:useNonSpecCompliantPointerOrigin: false, moz:webdriverClick: true, moz:windowless: false, pageLoadStrategy: normal, platformName: MAC, proxy: Proxy(), se:cdp: ws://127.0.0.1:45175/devtoo..., se:cdpVersion: 85.0, setWindowRect: true, strictFileInteractability: false, timeouts: {implicit: 0, pageLoad: 300000, script: 30000}, unhandledPromptBehavior: dismiss and notify}
Session ID: 970bf87a-ce55-4b3e-ad11-d1853f633cf4">
      <![CDATA[org.openqa.selenium.NoSuchElementException: Unable to locate element: //a[text()='Sign out']
For documentation on this error, please visit: https://selenium.dev/exceptions/#no_such_element
Build info: version: '4.8.0', revision: '267030adea'
System info: os.name: 'Mac OS X', os.arch: 'x86_64', os.version: '12.0.1', java.version: '19.0.1'
Driver info: org.openqa.selenium.firefox.FirefoxDriver
Command: [970bf87a-ce55-4b3e-ad11-d1853f633cf4, findElement {using=xpath, value=//a[text()='Sign out']}]
Capabilities {acceptInsecureCerts: true, browserName: firefox, browserVersion: 111.0.1, moz:accessibilityChecks: false, moz:buildID: 20230321111920, moz:debuggerAddress: 127.0.0.1:45175, moz:geckodriverVersion: 0.32.2, moz:headless: false, moz:platformVersion: 21.1.0, moz:processID: 1458, moz:profile: /var/folders/9x/bfy4ys6j4vn..., moz:shutdownTimeout: 60000, moz:useNonSpecCompliantPointerOrigin: false, moz:webdriverClick: true, moz:windowless: false, pageLoadStrategy: normal, platformName: MAC, proxy: Proxy(), se:cdp: ws://127.0.0.1:45175/devtoo..., se:cdpVersion: 85.0, setWindowRect: true, strictFileInteractability: false, timeouts: {implicit: 0, pageLoad: 300000, script: 30000}, unhandledPromptBehavior: dismiss and notify}
Session ID: 970bf87a-ce55-4b3e-ad11-d1853f633cf4
at org.openqa.selenium.remote.codec.w3c.W3CHttpResponseCodec.createException(W3CHttpResponseCodec.java:200)
at org.openqa.selenium.remote.codec.w3c.W3CHttpResponseCodec.decode(W3CHttpResponseCodec.java:133)
at org.openqa.selenium.remote.codec.w3c.W3CHttpResponseCodec.decode(W3CHttpResponseCodec.java:53)
at org.openqa.selenium.remote.HttpCommandExecutor.execute(HttpCommandExecutor.java:184)
at org.openqa.selenium.remote.service.DriverCommandExecutor.invokeExecute(DriverCommandExecutor.java:167)
at org.openqa.selenium.remote.service.DriverCommandExecutor.execute(DriverCommandExecutor.java:142)
at org.openqa.selenium.remote.RemoteWebDriver.execute(RemoteWebDriver.java:543)
at org.openqa.selenium.remote.ElementLocation$ElementFinder$2.findElement(ElementLocation.java:162)
at org.openqa.selenium.remote.ElementLocation.findElement(ElementLocation.java:60)
at org.openqa.selenium.remote.RemoteWebDriver.findElement(RemoteWebDriver.java:352)
at org.openqa.selenium.remote.RemoteWebDriver.findElement(RemoteWebDriver.java:344)
at pageObject.RegisterPage.Register(RegisterPage.java:78)
at testCases.testCase.RegisterPage(testCase.java:73)
at java.base/java.util.ArrayList.forEach(ArrayList.java:1511)
at java.base/java.util.concurrent.FutureTask.run(FutureTask.java:317)
at java.base/java.util.concurrent.ThreadPoolExecutor.runWorker(ThreadPoolExecutor.java:1144)
at java.base/java.util.concurrent.ThreadPoolExecutor$Worker.run(ThreadPoolExecutor.java:642)
at java.base/java.lang.Thread.run(Thread.java:1589)
... Removed 19 stack frames]]>
    </failure>
  </testcase> <!-- RegisterPage -->
  <testcase classname="testCases.testCase" name="login" time="0.339"/>
  <testcase classname="testCases.testCase" name="login" time="0.339"/>
  <testcase classname="testCases.testCase" name="login" time="0.321"/>
  <testcase classname="testCases.testCase" name="login" time="0.449"/>
  <testcase classname="testCases.testCase" name="DataStructure" time="1.545"/>
  <testcase classname="testCases.testCase" name="DataStructure" time="1.056"/>
  <testcase classname="testCases.testCase" name="Array" time="4.336"/>
  <testcase classname="testCases.testCase" name="Array" time="3.602"/>
  <testcase classname="testCases.testCase" name="ArrayPQ" time="2.272"/>
  <testcase classname="testCases.testCase" name="ArrayPQ" time="2.382"/>
  <testcase classname="testCases.testCase" name="LinkedList" time="7.01"/>
  <testcase classname="testCases.testCase" name="LinkedList" time="7.704"/>
  <testcase classname="testCases.testCase" name="queue" time="4.065"/>
  <testcase classname="testCases.testCase" name="queue" time="3.784"/>
  <testcase classname="testCases.testCase" name="graph" time="2.381"/>
  <testcase classname="testCases.testCase" name="graph" time="2.71"/>
  <testcase classname="testCases.testCase" name="tree" time="14.654"/>
  <testcase classname="testCases.testCase" name="tree" time="1429.181"/>
  <testcase classname="testCases.testCase" name="stack" time="3.348"/>
  <testcase classname="testCases.testCase" name="stack" time="6.413"/>
</testsuite> <!-- firefoxTest -->
